app/build/outputs/logs/manifest-merger-debug-report.txt
-- Merging decision tree log ---
manifest
ADDED from src\main\AndroidManifest.xml:2:1-59:12
	package
		ADDED from src\main\AndroidManifest.xml:4:5-44
		INJECTED from src\main\AndroidManifest.xml
		INJECTED from src\main\AndroidManifest.xml
	android:versionName
		INJECTED from src\main\AndroidManifest.xml
		INJECTED from src\main\AndroidManifest.xml
	xmlns:tools
		ADDED from src\main\AndroidManifest.xml:3:5-51
	xmlns:android
		ADDED from src\main\AndroidManifest.xml:2:11-69
	android:versionCode
		INJECTED from src\main\AndroidManifest.xml
		INJECTED from src\main\AndroidManifest.xml
uses-permission#android.permission.INTERNET
ADDED from src\main\AndroidManifest.xml:7:5-67
	android:name
		ADDED from src\main\AndroidManifest.xml:7:22-64
uses-permission#android.permission.CALL_PHONE
ADDED from src\main\AndroidManifest.xml:8:5-69
	android:name
		ADDED from src\main\AndroidManifest.xml:8:22-66
application
ADDED from src\main\AndroidManifest.xml:10:5-57:19
MERGED from [com.android.support.constraint:constraint-layout:1.0.1] AndroidManifest.xml:9:5-20
MERGED from [de.hdodenhof:circleimageview:2.1.0] AndroidManifest.xml:9:5-20
MERGED from [com.github.clans:fab:1.6.2] AndroidManifest.xml:12:5-20
MERGED from [com.github.tosslife:foldingtabbar:1.0.0] AndroidManifest.xml:11:5-14:19
MERGED from [com.android.volley:volley:1.0.0] AndroidManifest.xml:9:5-20
MERGED from [com.miguelcatalan:materialsearchview:1.4.0] AndroidManifest.xml:11:5-20
MERGED from [com.android.support:design:25.2.0] AndroidManifest.xml:25:5-20
MERGED from [com.android.support:appcompat-v7:25.2.0] AndroidManifest.xml:25:5-20
MERGED from [com.android.support:animated-vector-drawable:25.2.0] AndroidManifest.xml:22:5-20
MERGED from [com.android.support:support-vector-drawable:25.2.0] AndroidManifest.xml:23:5-20
MERGED from [com.android.support:transition:25.2.0] AndroidManifest.xml:22:5-20
MERGED from [com.android.support:support-v4:25.2.0] AndroidManifest.xml:25:5-20
MERGED from [com.android.support:support-fragment:25.2.0] AndroidManifest.xml:25:5-20
MERGED from [com.android.support:support-media-compat:25.2.0] AndroidManifest.xml:25:5-20
MERGED from [com.android.support:support-core-ui:25.2.0] AndroidManifest.xml:25:5-20
MERGED from [com.android.support:support-core-utils:25.2.0] AndroidManifest.xml:25:5-20
MERGED from [com.android.support:support-compat:25.2.0] AndroidManifest.xml:25:5-20
	android:label
		ADDED from src\main\AndroidManifest.xml:13:9-34
		REJECTED from [com.github.tosslife:foldingtabbar:1.0.0] AndroidManifest.xml:13:9-41
	android:supportsRtl
		ADDED from src\main\AndroidManifest.xml:15:9-35
	android:roundIcon
		ADDED from src\main\AndroidManifest.xml:14:9-54
	android:allowBackup
		ADDED from src\main\AndroidManifest.xml:11:9-35
	android:icon
		ADDED from src\main\AndroidManifest.xml:12:9-43
	android:theme
		ADDED from src\main\AndroidManifest.xml:16:9-40
	tools:replace
		ADDED from src\main\AndroidManifest.xml:17:9-38
activity#com.techbros.sachin.dooremedy.LoginActivity
ADDED from src\main\AndroidManifest.xml:18:9-51
	android:name
		ADDED from src\main\AndroidManifest.xml:18:19-48
meta-data#android.app.default_searchable
ADDED from src\main\AndroidManifest.xml:20:9-22:45
	android:value
		ADDED from src\main\AndroidManifest.xml:22:13-42
	android:name
		ADDED from src\main\AndroidManifest.xml:21:13-58
activity#com.techbros.sachin.dooremedy.HomeActivity
ADDED from src\main\AndroidManifest.xml:24:9-35:20
	android:label
		ADDED from src\main\AndroidManifest.xml:26:13-40
	android:name
		ADDED from src\main\AndroidManifest.xml:25:13-41
intent-filter#android.intent.action.SEARCH+android.intent.action.VIEW
ADDED from src\main\AndroidManifest.xml:27:13-30:29
action#android.intent.action.VIEW
ADDED from src\main\AndroidManifest.xml:28:17-69
	android:name
		ADDED from src\main\AndroidManifest.xml:28:25-66
action#android.intent.action.SEARCH
ADDED from src\main\AndroidManifest.xml:29:17-71
	android:name
		ADDED from src\main\AndroidManifest.xml:29:25-68
meta-data#android.app.searchable
ADDED from src\main\AndroidManifest.xml:32:13-34:59
	android:resource
		ADDED from src\main\AndroidManifest.xml:34:17-56
	android:name
		ADDED from src\main\AndroidManifest.xml:33:17-54
activity#com.techbros.sachin.dooremedy.RegisterActivity
ADDED from src\main\AndroidManifest.xml:36:9-54
	android:name
		ADDED from src\main\AndroidManifest.xml:36:19-51
activity#com.techbros.sachin.dooremedy.ServiceActivity
ADDED from src\main\AndroidManifest.xml:37:9-39:46
	android:label
		ADDED from src\main\AndroidManifest.xml:39:13-43
	android:name
		ADDED from src\main\AndroidManifest.xml:38:13-44
activity#com.techbros.sachin.dooremedy.EmployeeActivity
ADDED from src\main\AndroidManifest.xml:40:9-42:38
	android:label
		ADDED from src\main\AndroidManifest.xml:42:13-35
	android:name
		ADDED from src\main\AndroidManifest.xml:41:13-45
activity#com.techbros.sachin.dooremedy.ForgotPasswordActivity
ADDED from src\main\AndroidManifest.xml:43:9-60
	android:name
		ADDED from src\main\AndroidManifest.xml:43:19-57
activity#com.techbros.sachin.dooremedy.QueryActivity
ADDED from src\main\AndroidManifest.xml:44:9-51
	android:name
		ADDED from src\main\AndroidManifest.xml:44:19-48
activity#com.techbros.sachin.dooremedy.BookingConfirmationActivity
ADDED from src\main\AndroidManifest.xml:45:9-65
	android:name
		ADDED from src\main\AndroidManifest.xml:45:19-62
activity#com.techbros.sachin.dooremedy.AccountActivity
ADDED from src\main\AndroidManifest.xml:46:9-48:42
	android:label
		ADDED from src\main\AndroidManifest.xml:48:13-39
	android:name
		ADDED from src\main\AndroidManifest.xml:47:13-44
activity#com.techbros.sachin.dooremedy.MainActivity
ADDED from src\main\AndroidManifest.xml:49:9-55:20
	android:name
		ADDED from src\main\AndroidManifest.xml:49:19-47
intent-filter#android.intent.action.MAIN+android.intent.category.LAUNCHER
ADDED from src\main\AndroidManifest.xml:50:13-54:29
action#android.intent.action.MAIN
ADDED from src\main\AndroidManifest.xml:51:17-69
	android:name
		ADDED from src\main\AndroidManifest.xml:51:25-66
category#android.intent.category.LAUNCHER
ADDED from src\main\AndroidManifest.xml:53:17-77
	android:name
		ADDED from src\main\AndroidManifest.xml:53:27-74
activity#com.techbros.sachin.dooremedy.AboutAppActivity
ADDED from src\main\AndroidManifest.xml:56:9-63
	android:name
		ADDED from src\main\AndroidManifest.xml:56:19-51
uses-sdk
INJECTED from src\main\AndroidManifest.xml reason: use-sdk injection requested
MERGED from [com.android.support.constraint:constraint-layout:1.0.1] AndroidManifest.xml:5:5-7:41
MERGED from [de.hdodenhof:circleimageview:2.1.0] AndroidManifest.xml:5:5-7:41
MERGED from [com.github.clans:fab:1.6.2] AndroidManifest.xml:8:5-10:41
MERGED from [com.github.tosslife:foldingtabbar:1.0.0] AndroidManifest.xml:7:5-9:41
MERGED from [com.android.volley:volley:1.0.0] AndroidManifest.xml:7:5-43
MERGED from [com.miguelcatalan:materialsearchview:1.4.0] AndroidManifest.xml:7:5-9:41
MERGED from [com.android.support:design:25.2.0] AndroidManifest.xml:21:5-23:62
MERGED from [com.android.support:appcompat-v7:25.2.0] AndroidManifest.xml:21:5-23:78
MERGED from [com.android.support:animated-vector-drawable:25.2.0] AndroidManifest.xml:20:5-44
MERGED from [com.android.support:support-vector-drawable:25.2.0] AndroidManifest.xml:21:5-43
MERGED from [com.android.support:recyclerview-v7:25.2.0] AndroidManifest.xml:20:5-43
MERGED from [com.android.support:transition:25.2.0] AndroidManifest.xml:20:5-44
MERGED from [com.android.support:support-v4:25.2.0] AndroidManifest.xml:21:5-23:54
MERGED from [com.android.support:support-fragment:25.2.0] AndroidManifest.xml:21:5-23:60
MERGED from [com.android.support:support-media-compat:25.2.0] AndroidManifest.xml:21:5-23:63
MERGED from [com.android.support:support-core-ui:25.2.0] AndroidManifest.xml:21:5-23:58
MERGED from [com.android.support:support-core-utils:25.2.0] AndroidManifest.xml:21:5-23:61
MERGED from [com.android.support:support-compat:25.2.0] AndroidManifest.xml:21:5-23:58
	tools:overrideLibrary
		ADDED from [com.android.support:design:25.2.0] AndroidManifest.xml:23:9-59
	android:targetSdkVersion
		INJECTED from src\main\AndroidManifest.xml
		INJECTED from src\main\AndroidManifest.xml
	android:minSdkVersion
		INJECTED from src\main\AndroidManifest.xml
		INJECTED from src\main\AndroidManifest.xml